\BOOKMARK [1][-]{section.1}{\376\377\000I\000n\000t\000r\000o\000d\000u\000\347\000\343\000o}{}% 1
\BOOKMARK [2][-]{subsection.1.1}{\376\377\000O\000b\000j\000e\000t\000i\000v\000o\000s}{section.1}% 2
\BOOKMARK [3][-]{subsubsection.1.1.1}{\376\377\000O\000b\000j\000e\000t\000i\000v\000o\000\040\000g\000e\000r\000a\000l}{subsection.1.1}% 3
\BOOKMARK [3][-]{subsubsection.1.1.2}{\376\377\000O\000b\000j\000e\000t\000i\000v\000o\000s\000\040\000e\000s\000p\000e\000c\000\355\000f\000i\000c\000o\000s}{subsection.1.1}% 4
\BOOKMARK [2][-]{subsection.1.2}{\376\377\000D\000e\000l\000i\000m\000i\000t\000a\000\347\000\343\000o\000\040\000d\000o\000\040\000e\000s\000t\000u\000d\000o}{section.1}% 5
\BOOKMARK [1][-]{section.2}{\376\377\000F\000u\000n\000d\000a\000m\000e\000n\000t\000a\000\347\000\343\000o\000\040\000t\000e\000\363\000r\000i\000c\000a}{}% 6
\BOOKMARK [2][-]{subsection.2.1}{\376\377\000D\000e\000f\000i\000n\000i\000\347\000\365\000e\000s\000\040\000s\000o\000b\000r\000e\000\040\000g\000r\000a\000f\000o\000s}{section.2}% 7
\BOOKMARK [3][-]{subsubsection.2.1.1}{\376\377\000G\000r\000a\000f\000o\000\040\000d\000i\000r\000e\000c\000i\000o\000n\000a\000d\000o}{subsection.2.1}% 8
\BOOKMARK [3][-]{subsubsection.2.1.2}{\376\377\000G\000r\000a\000f\000o\000\040\000p\000o\000n\000d\000e\000r\000a\000d\000o}{subsection.2.1}% 9
\BOOKMARK [3][-]{subsubsection.2.1.3}{\376\377\000G\000r\000a\000f\000o\000\040\000b\000i\000p\000a\000r\000t\000i\000d\000o}{subsection.2.1}% 10
\BOOKMARK [2][-]{subsection.2.2}{\376\377\000P\000r\000o\000b\000l\000e\000m\000a\000\040\000G\000e\000r\000a\000l\000\040\000d\000o\000\040\000E\000m\000p\000a\000r\000e\000l\000h\000a\000m\000e\000n\000t\000o}{section.2}% 11
\BOOKMARK [3][-]{subsubsection.2.2.1}{\376\377\000M\000a\000t\000c\000h\000i\000n\000g\000\040\000e\000m\000\040\000g\000r\000a\000f\000o\000s\000\040\000b\000i\000p\000a\000r\000t\000i\000d\000o\000s}{subsection.2.2}% 12
\BOOKMARK [3][-]{subsubsection.2.2.2}{\376\377\000F\000o\000r\000m\000u\000l\000a\000\347\000\343\000o\000\040\000g\000e\000r\000a\000l\000\040\000\050\000e\000m\000p\000a\000r\000e\000l\000h\000a\000m\000e\000n\000t\000o\000\040\000e\000\040\000o\000t\000i\000m\000i\000z\000a\000\347\000\343\000o\000\051}{subsection.2.2}% 13
\BOOKMARK [1][-]{section.3}{\376\377\000P\000r\000o\000b\000l\000e\000m\000a\000s\000\040\000d\000e\000\040\000e\000m\000p\000a\000r\000e\000l\000h\000a\000m\000e\000n\000t\000o\000\040\000e\000m\000\040\000g\000r\000a\000f\000o\000s\000\040\000b\000i\000p\000a\000r\000t\000i\000d\000o\000s}{}% 14
\BOOKMARK [2][-]{subsection.3.1}{\376\377\000E\000m\000p\000a\000r\000e\000l\000h\000a\000m\000e\000n\000t\000o\000\040\000d\000e\000\040\000c\000a\000r\000d\000i\000n\000a\000l\000i\000d\000a\000d\000e\000\040\000m\000\341\000x\000i\000m\000a}{section.3}% 15
\BOOKMARK [3][-]{subsubsection.3.1.1}{\376\377\000D\000e\000f\000i\000n\000i\000\347\000\343\000o\000\040\000d\000o\000\040\000p\000r\000o\000b\000l\000e\000m\000a}{subsection.3.1}% 16
\BOOKMARK [3][-]{subsubsection.3.1.2}{\376\377\000P\000r\000o\000p\000r\000i\000e\000d\000a\000d\000e\000s}{subsection.3.1}% 17
\BOOKMARK [3][-]{subsubsection.3.1.3}{\376\377\000A\000l\000g\000o\000r\000i\000t\000m\000o\000s\000\040\000e\000x\000a\000t\000o\000s}{subsection.3.1}% 18
\BOOKMARK [2][-]{subsection.3.2}{\376\377\000P\000r\000o\000b\000l\000e\000m\000a\000\040\000d\000e\000\040\000a\000t\000r\000i\000b\000u\000i\000\347\000\343\000o\000\040\000\050\000A\000s\000s\000i\000g\000n\000m\000e\000n\000t\000\040\000P\000r\000o\000b\000l\000e\000m\000\051}{section.3}% 19
\BOOKMARK [3][-]{subsubsection.3.2.1}{\376\377\000D\000e\000s\000c\000r\000i\000\347\000\343\000o\000\040\000d\000o\000\040\000p\000r\000o\000b\000l\000e\000m\000a}{subsection.3.2}% 20
\BOOKMARK [3][-]{subsubsection.3.2.2}{\376\377\000P\000r\000o\000p\000r\000i\000e\000d\000a\000d\000e\000s}{subsection.3.2}% 21
\BOOKMARK [3][-]{subsubsection.3.2.3}{\376\377\000A\000l\000g\000o\000r\000i\000t\000m\000o\000s\000\040\000e\000x\000a\000t\000o\000s}{subsection.3.2}% 22
\BOOKMARK [3][-]{subsubsection.3.2.4}{\376\377\000P\000r\000o\000b\000l\000e\000m\000a\000\040\000d\000e\000\040\000a\000t\000r\000i\000b\000u\000i\000\347\000\343\000o\000\040\000g\000a\000r\000g\000a\000l\000o}{subsection.3.2}% 23
\BOOKMARK [3][-]{subsubsection.3.2.5}{\376\377\000P\000r\000o\000b\000l\000e\000m\000a\000\040\000d\000o\000\040\000e\000m\000p\000a\000r\000e\000l\000h\000a\000m\000e\000n\000t\000o\000\040\000e\000s\000t\000\341\000v\000e\000l\000\040\000\050\000S\000t\000a\000b\000l\000e\000\040\000M\000a\000r\000r\000i\000a\000g\000e\000\040\000P\000r\000o\000b\000l\000e\000m\000\051}{subsection.3.2}% 24
\BOOKMARK [3][-]{subsubsection.3.2.6}{\376\377\000P\000r\000o\000b\000l\000e\000m\000a\000\040\000d\000e\000\040\000a\000t\000r\000i\000b\000u\000i\000\347\000\343\000o\000\040\000q\000u\000a\000d\000r\000\341\000t\000i\000c\000a\000\040\000\050\000Q\000A\000P\000\051}{subsection.3.2}% 25
\BOOKMARK [3][-]{subsubsection.3.2.7}{\376\377\000P\000r\000o\000b\000l\000e\000m\000a\000\040\000d\000e\000\040\000a\000t\000r\000i\000b\000u\000i\000\347\000\343\000o\000\040\000l\000i\000n\000e\000a\000r\000\040\000\050\000L\000A\000P\000\051}{subsection.3.2}% 26
